<?xml version="1.0" encoding="UTF-8"?>
<!-- Generated by org.testng.reporters.JUnitReportReporter -->
<testsuite skipped="0" hostname="DESKTOP-7GP1KNR" name="testNG.tc1" tests="1" failures="0" timestamp="12 Aug 2020 02:00:13 GMT" time="10.629" errors="0">
  <testcase name="verfiy" time="10.629" classname="testNG.tc1"/>
</testsuite> <!-- testNG.tc1 -->
